W0902 15:48:31.596000 140587309176640 torch/distributed/run.py:757] 
W0902 15:48:31.596000 140587309176640 torch/distributed/run.py:757] *****************************************
W0902 15:48:31.596000 140587309176640 torch/distributed/run.py:757] Setting OMP_NUM_THREADS environment variable for each process to be 1 in default, to avoid your system being overloaded, please further tune the variable for optimal performance in your application as needed. 
W0902 15:48:31.596000 140587309176640 torch/distributed/run.py:757] *****************************************
W0902 15:48:32.624000 140587309176640 torch/distributed/elastic/agent/server/api.py:741] Received 2 death signal, shutting down workers
W0902 15:48:32.625000 140587309176640 torch/distributed/elastic/multiprocessing/api.py:851] Sending process 91469 closing signal SIGINT
W0902 15:48:32.625000 140587309176640 torch/distributed/elastic/multiprocessing/api.py:851] Sending process 91470 closing signal SIGINT
W0902 15:48:32.626000 140587309176640 torch/distributed/elastic/multiprocessing/api.py:851] Sending process 91471 closing signal SIGINT
Traceback (most recent call last):
  File "/home/runhui/2024_Skin_Cancer_Detection/models/efficientnet_follow_example_multi.py", line 1, in <module>
    import torch
  File "/home/runhui/miniconda3/envs/skin/lib/python3.12/site-packages/torch/__init__.py", line 1633, in <module>
W0902 15:48:32.626000 140587309176640 torch/distributed/elastic/multiprocessing/api.py:851] Sending process 91472 closing signal SIGINT
Traceback (most recent call last):
  File "/home/runhui/2024_Skin_Cancer_Detection/models/efficientnet_follow_example_multi.py", line 1, in <module>
    import torch
  File "/home/runhui/miniconda3/envs/skin/lib/python3.12/site-packages/torch/__init__.py", line 1600, in <module>
    from torch import quantization as quantization
W0902 15:48:32.626000 140587309176640 torch/distributed/elastic/multiprocessing/api.py:851] Sending process 91473 closing signal SIGINT
  File "/home/runhui/miniconda3/envs/skin/lib/python3.12/site-packages/torch/quantization/__init__.py", line 1, in <module>
    from .quantize import *  # noqa: F403
Traceback (most recent call last):
W0902 15:48:32.626000 140587309176640 torch/distributed/elastic/multiprocessing/api.py:851] Sending process 91474 closing signal SIGINT
     import torch.utils.data 
   File "/home/runhui/2024_Skin_Cancer_Detection/models/efficientnet_follow_example_multi.py", line 1, in <module>
 ^^^^^^^^^^^  File "/home/runhui/miniconda3/envs/skin/lib/python3.12/site-packages/torch/utils/data/__init__.py", line 21, in <module>
^^^^^^^^^^^^
  File "/home/runhui/miniconda3/envs/skin/lib/python3.12/site-packages/torch/quantization/quantize.py", line 10, in <module>
    from torch.utils.data.datapipes.datapipe import (
  File "/home/runhui/miniconda3/envs/skin/lib/python3.12/site-packages/torch/utils/data/datapipes/__init__.py", line 1, in <module>
    import torch
  File "/home/runhui/miniconda3/envs/skin/lib/python3.12/site-packages/torch/__init__.py", line 1610, in <module>
    from torch.ao.quantization.quantize import (
  File "/home/runhui/miniconda3/envs/skin/lib/python3.12/site-packages/torch/ao/quantization/__init__.py", line 3, in <module>
Traceback (most recent call last):
  File "/home/runhui/2024_Skin_Cancer_Detection/models/efficientnet_follow_example_multi.py", line 1, in <module>
    from . import iter
W0902 15:48:32.627000 140587309176640 torch/distributed/elastic/multiprocessing/api.py:851] Sending process 91475 closing signal SIGINT
  File "/home/runhui/miniconda3/envs/skin/lib/python3.12/site-packages/torch/utils/data/datapipes/iter/__init__.py", line 4, in <module>
    import torch
  File "/home/runhui/miniconda3/envs/skin/lib/python3.12/site-packages/torch/__init__.py", line 1597, in <module>
    from torch.utils.data.datapipes.iter.callable import (
    from .fake_quantize import *  # noqa: F403  File "/home/runhui/miniconda3/envs/skin/lib/python3.12/site-packages/torch/utils/data/datapipes/iter/callable.py", line 8, in <module>

    ^    ^import torch.nn.quantized^
^^^^^^^^W0902 15:48:32.628000 140587309176640 torch/distributed/elastic/multiprocessing/api.py:851] Sending process 91476 closing signal SIGINT
^^  File "/home/runhui/miniconda3/envs/skin/lib/python3.12/site-packages/torch/nn/quantized/__init__.py", line 1, in <module>
^^^^^^^^^^^^^^^
  File "/home/runhui/miniconda3/envs/skin/lib/python3.12/site-packages/torch/ao/quantization/fake_quantize.py", line 5, in <module>
    from torch.utils.data.datapipes.dataframe import dataframe_wrapper as df_wrapper
  File "/home/runhui/miniconda3/envs/skin/lib/python3.12/site-packages/torch/utils/data/datapipes/dataframe/__init__.py", line 1, in <module>
    Traceback (most recent call last):
from torch import distributions as distributions
      File "/home/runhui/2024_Skin_Cancer_Detection/models/efficientnet_follow_example_multi.py", line 1, in <module>
from . import dynamic  # noqa: F403
     File "/home/runhui/miniconda3/envs/skin/lib/python3.12/site-packages/torch/distributions/__init__.py", line 89, in <module>
 ^^^^^^^^^^^^^^^^    ^import torch^
^^^
        from torch.utils.data.datapipes.dataframe.dataframes import (  File "/home/runhui/miniconda3/envs/skin/lib/python3.12/site-packages/torch/nn/quantized/dynamic/__init__.py", line 1, in <module>
from torch.ao.quantization.observer import (

  File "/home/runhui/miniconda3/envs/skin/lib/python3.12/site-packages/torch/__init__.py", line 1896, in <module>
  File "/home/runhui/miniconda3/envs/skin/lib/python3.12/site-packages/torch/utils/data/datapipes/dataframe/dataframes.py", line 6, in <module>
  File "/home/runhui/miniconda3/envs/skin/lib/python3.12/site-packages/torch/ao/quantization/observer.py", line 15, in <module>
    from torch.ao.nn.quantized.dynamic import *  # noqa: F403
    ^^    ^from .gumbel import Gumbel^    
^from torch.utils.data.datapipes.dataframe.structures import DataChunkDF^
^^^  File "/home/runhui/miniconda3/envs/skin/lib/python3.12/site-packages/torch/distributions/gumbel.py", line 6, in <module>
^^^^^  File "/home/runhui/miniconda3/envs/skin/lib/python3.12/site-packages/torch/utils/data/datapipes/dataframe/structures.py", line 2, in <module>
^^^^^^^^^^^^^    ^from torch.ao.quantization.utils import (^
^^  File "/home/runhui/miniconda3/envs/skin/lib/python3.12/site-packages/torch/ao/quantization/utils.py", line 12, in <module>
^^^^    ^from torch import export as export^
^^^^^^
  File "/home/runhui/miniconda3/envs/skin/lib/python3.12/site-packages/torch/ao/nn/quantized/__init__.py", line 1, in <module>
  File "/home/runhui/miniconda3/envs/skin/lib/python3.12/site-packages/torch/export/__init__.py", line 64, in <module>
    from torch.utils.data.datapipes.dataframe import dataframe_wrapper as df_wrapper
    from torch.distributions.transformed_distribution import TransformedDistribution
  File "<frozen importlib._bootstrap>", line 1360, in _find_and_load
  File "<frozen importlib._bootstrap>", line 1322, in _find_and_load_unlocked
  File "/home/runhui/miniconda3/envs/skin/lib/python3.12/site-packages/torch/distributions/transformed_distribution.py", line 13, in <module>
  File "<frozen importlib._bootstrap>", line 1262, in _find_spec
  File "<frozen importlib._bootstrap_external>", line 1528, in find_spec
  File "<frozen importlib._bootstrap_external>", line 1502, in _get_spec
  File "<frozen importlib._bootstrap_external>", line 1601, in find_spec
  File "<frozen importlib._bootstrap_external>", line 147, in _path_stat
KeyboardInterrupt
    from . import functional
  File "/home/runhui/miniconda3/envs/skin/lib/python3.12/site-packages/torch/ao/nn/quantized/functional.py", line 10, in <module>
    from torch.fx import Node
  File "/home/runhui/miniconda3/envs/skin/lib/python3.12/site-packages/torch/fx/__init__.py", line 83, in <module>
    from .dynamic_shapes import Constraint, Dim, dims, dynamic_dim
  File "/home/runhui/miniconda3/envs/skin/lib/python3.12/site-packages/torch/export/dynamic_shapes.py", line 14, in <module>
    class TransformedDistribution(Distribution):
  File "/home/runhui/miniconda3/envs/skin/lib/python3.12/site-packages/torch/distributions/transformed_distribution.py", line 145, in TransformedDistribution
    from .modules.utils import _pair_from_first
  File "/home/runhui/miniconda3/envs/skin/lib/python3.12/site-packages/torch/ao/nn/quantized/modules/__init__.py", line 13, in <module>
    def rsample(self, sample_shape=torch.Size()):
    from .graph_module import GraphModule 
        File "/home/runhui/miniconda3/envs/skin/lib/python3.12/site-packages/torch/fx/graph_module.py", line 19, in <module>
                from .exported_program import ExportedProgram     
from .graph import _custom_builtins, _is_from_torch, _PyTreeCodeGen, Graph, PythonCode 
     File "/home/runhui/miniconda3/envs/skin/lib/python3.12/site-packages/torch/export/exported_program.py", line 40, in <module>
      File "/home/runhui/miniconda3/envs/skin/lib/python3.12/site-packages/torch/fx/graph.py", line 4, in <module>
       ^^^    ^from . import _pytree as fx_pytree^
^^^^^  File "/home/runhui/miniconda3/envs/skin/lib/python3.12/site-packages/torch/fx/_pytree.py", line 4, in <module>
^^
    from .dropout import DropoutKeyboardInterrupt

  File "<frozen importlib._bootstrap>", line 1360, in _find_and_load
  File "<frozen importlib._bootstrap>", line 1331, in _find_and_load_unlocked
  File "<frozen importlib._bootstrap>", line 921, in _load_unlocked
  File "<frozen importlib._bootstrap>", line 810, in module_from_spec
KeyboardInterrupt
    import torch.return_types
  File "/home/runhui/miniconda3/envs/skin/lib/python3.12/site-packages/torch/return_types.py", line 48, in <module>
Traceback (most recent call last):
  File "/home/runhui/2024_Skin_Cancer_Detection/models/efficientnet_follow_example_multi.py", line 1, in <module>
        from .graph_signature import (  # noqa: F401pytree_register_structseq(_attr)

    import torch  File "<frozen importlib._bootstrap>", line 1360, in _find_and_load

  File "<frozen importlib._bootstrap>", line 1322, in _find_and_load_unlocked
  File "<frozen importlib._bootstrap>", line 1262, in _find_spec
  File "/home/runhui/miniconda3/envs/skin/lib/python3.12/site-packages/torch/return_types.py", line 24, in pytree_register_structseq
  File "<frozen importlib._bootstrap_external>", line 1528, in find_spec
  File "<frozen importlib._bootstrap_external>", line 1502, in _get_spec
  File "<frozen importlib._bootstrap_external>", line 1601, in find_spec
  File "<frozen importlib._bootstrap_external>", line 147, in _path_stat
KeyboardInterrupt
  File "/home/runhui/miniconda3/envs/skin/lib/python3.12/site-packages/torch/__init__.py", line 1633, in <module>
    register_pytree_node(
  File "/home/runhui/miniconda3/envs/skin/lib/python3.12/site-packages/torch/utils/_pytree.py", line 210, in register_pytree_node
    from . import _cxx_pytree as cxx
  File "<frozen importlib._bootstrap>", line 1360, in _find_and_load
  File "<frozen importlib._bootstrap>", line 1331, in _find_and_load_unlocked
  File "<frozen importlib._bootstrap>", line 935, in _load_unlocked
  File "<frozen importlib._bootstrap_external>", line 991, in exec_module
  File "<frozen importlib._bootstrap_external>", line 1124, in get_code
  File "<frozen importlib._bootstrap_external>", line 753, in _compile_bytecode
    from torch import quantization as quantizationKeyboardInterrupt

  File "/home/runhui/miniconda3/envs/skin/lib/python3.12/site-packages/torch/quantization/__init__.py", line 1, in <module>
    from .quantize import *  # noqa: F403
    ^^^^^^^^^^^^^^^^^^^^^^^
  File "/home/runhui/miniconda3/envs/skin/lib/python3.12/site-packages/torch/quantization/quantize.py", line 10, in <module>
    from torch.ao.quantization.quantize import (
  File "/home/runhui/miniconda3/envs/skin/lib/python3.12/site-packages/torch/ao/quantization/__init__.py", line 3, in <module>
    from .fake_quantize import *  # noqa: F403
    ^^^^^^^^^^^^^^^^^^^^^^^^^^^^
  File "/home/runhui/miniconda3/envs/skin/lib/python3.12/site-packages/torch/ao/quantization/fake_quantize.py", line 5, in <module>
    from torch.ao.quantization.observer import (
  File "/home/runhui/miniconda3/envs/skin/lib/python3.12/site-packages/torch/ao/quantization/observer.py", line 15, in <module>
    from torch.ao.quantization.utils import (
  File "/home/runhui/miniconda3/envs/skin/lib/python3.12/site-packages/torch/ao/quantization/utils.py", line 12, in <module>
    from torch.fx import Node
  File "/home/runhui/miniconda3/envs/skin/lib/python3.12/site-packages/torch/fx/__init__.py", line 83, in <module>
    from .graph_module import GraphModule
  File "/home/runhui/miniconda3/envs/skin/lib/python3.12/site-packages/torch/fx/graph_module.py", line 19, in <module>
    from .graph import _custom_builtins, _is_from_torch, _PyTreeCodeGen, Graph, PythonCode
  File "/home/runhui/miniconda3/envs/skin/lib/python3.12/site-packages/torch/fx/graph.py", line 2, in <module>
    from .node import Node, Argument, Target, map_arg, _type_repr, _get_qualified_name
  File "/home/runhui/miniconda3/envs/skin/lib/python3.12/site-packages/torch/fx/node.py", line 47, in <module>
    _ops.aten._assert_async.msg,
    ^^^^^^^^^^^^^^^^^^^^^^^
  File "/home/runhui/miniconda3/envs/skin/lib/python3.12/site-packages/torch/_ops.py", line 919, in __getattr__
    op, overload_names = torch._C._jit_get_operation(qualified_op_name)
                         ^^^^^^^^^^^^^^^^^^^^^^^^^^^^^^^^^^^^^^^^^^^^^^
KeyboardInterrupt
Traceback (most recent call last):
  File "/home/runhui/2024_Skin_Cancer_Detection/models/efficientnet_follow_example_multi.py", line 1, in <module>
    import torch
  File "/home/runhui/miniconda3/envs/skin/lib/python3.12/site-packages/torch/__init__.py", line 1633, in <module>
    from torch import quantization as quantization
  File "/home/runhui/miniconda3/envs/skin/lib/python3.12/site-packages/torch/quantization/__init__.py", line 1, in <module>
    from .quantize import *  # noqa: F403
    ^^^^^^^^^^^^^^^^^^^^^^^
  File "/home/runhui/miniconda3/envs/skin/lib/python3.12/site-packages/torch/quantization/quantize.py", line 10, in <module>
    from torch.ao.quantization.quantize import (
  File "/home/runhui/miniconda3/envs/skin/lib/python3.12/site-packages/torch/ao/quantization/__init__.py", line 3, in <module>
    from .fake_quantize import *  # noqa: F403
    ^^^^^^^^^^^^^^^^^^^^^^^^^^^^
  File "/home/runhui/miniconda3/envs/skin/lib/python3.12/site-packages/torch/ao/quantization/fake_quantize.py", line 5, in <module>
    from torch.ao.quantization.observer import (
  File "/home/runhui/miniconda3/envs/skin/lib/python3.12/site-packages/torch/ao/quantization/observer.py", line 15, in <module>
    from torch.ao.quantization.utils import (
  File "/home/runhui/miniconda3/envs/skin/lib/python3.12/site-packages/torch/ao/quantization/utils.py", line 12, in <module>
    from torch.fx import Node
  File "/home/runhui/miniconda3/envs/skin/lib/python3.12/site-packages/torch/fx/__init__.py", line 83, in <module>
    from .graph_module import GraphModule
  File "/home/runhui/miniconda3/envs/skin/lib/python3.12/site-packages/torch/fx/graph_module.py", line 19, in <module>
    from .graph import _custom_builtins, _is_from_torch, _PyTreeCodeGen, Graph, PythonCode
  File "/home/runhui/miniconda3/envs/skin/lib/python3.12/site-packages/torch/fx/graph.py", line 2, in <module>
    from .node import Node, Argument, Target, map_arg, _type_repr, _get_qualified_name
  File "/home/runhui/miniconda3/envs/skin/lib/python3.12/site-packages/torch/fx/node.py", line 47, in <module>
    _ops.aten._assert_async.msg,
    ^^^^^^^^^^^^^^^^^^^^^^^
  File "/home/runhui/miniconda3/envs/skin/lib/python3.12/site-packages/torch/_ops.py", line 919, in __getattr__
    op, overload_names = torch._C._jit_get_operation(qualified_op_name)
                         ^^^^^^^^^^^^^^^^^^^^^^^^^^^^^^^^^^^^^^^^^^^^^^
KeyboardInterrupt
Traceback (most recent call last):
  File "/home/runhui/2024_Skin_Cancer_Detection/models/efficientnet_follow_example_multi.py", line 1, in <module>
    import torch
  File "/home/runhui/miniconda3/envs/skin/lib/python3.12/site-packages/torch/__init__.py", line 1610, in <module>
    import torch.nn.quantized
  File "/home/runhui/miniconda3/envs/skin/lib/python3.12/site-packages/torch/nn/quantized/__init__.py", line 1, in <module>
    from . import dynamic  # noqa: F403
    ^^^^^^^^^^^^^^^^^^^^^
  File "/home/runhui/miniconda3/envs/skin/lib/python3.12/site-packages/torch/nn/quantized/dynamic/__init__.py", line 1, in <module>
    from torch.ao.nn.quantized.dynamic import *  # noqa: F403
    ^^^^^^^^^^^^^^^^^^^^^^^^^^^^^^^^^^^^^^^^^^^
  File "/home/runhui/miniconda3/envs/skin/lib/python3.12/site-packages/torch/ao/nn/quantized/dynamic/__init__.py", line 1, in <module>
    from .modules import *  # noqa: F403
    ^^^^^^^^^^^^^^^^^^^^^^
  File "/home/runhui/miniconda3/envs/skin/lib/python3.12/site-packages/torch/ao/nn/quantized/dynamic/modules/__init__.py", line 3, in <module>
    from .rnn import LSTM, GRU, LSTMCell, RNNCell, GRUCell
  File "/home/runhui/miniconda3/envs/skin/lib/python3.12/site-packages/torch/ao/nn/quantized/dynamic/modules/rnn.py", line 62, in <module>
    class RNNBase(torch.nn.Module):
KeyboardInterrupt
Traceback (most recent call last):
  File "/home/runhui/miniconda3/envs/skin/bin/torchrun", line 8, in <module>
    sys.exit(main())
             ^^^^^^
  File "/home/runhui/miniconda3/envs/skin/lib/python3.12/site-packages/torch/distributed/elastic/multiprocessing/errors/__init__.py", line 347, in wrapper
    return f(*args, **kwargs)
           ^^^^^^^^^^^^^^^^^^
  File "/home/runhui/miniconda3/envs/skin/lib/python3.12/site-packages/torch/distributed/run.py", line 879, in main
    run(args)
  File "/home/runhui/miniconda3/envs/skin/lib/python3.12/site-packages/torch/distributed/run.py", line 870, in run
    elastic_launch(
  File "/home/runhui/miniconda3/envs/skin/lib/python3.12/site-packages/torch/distributed/launcher/api.py", line 132, in __call__
    return launch_agent(self._config, self._entrypoint, list(args))
           ^^^^^^^^^^^^^^^^^^^^^^^^^^^^^^^^^^^^^^^^^^^^^^^^^^^^^^^^
  File "/home/runhui/miniconda3/envs/skin/lib/python3.12/site-packages/torch/distributed/launcher/api.py", line 254, in launch_agent
    result = agent.run()
             ^^^^^^^^^^^
  File "/home/runhui/miniconda3/envs/skin/lib/python3.12/site-packages/torch/distributed/elastic/metrics/api.py", line 123, in wrapper
    result = f(*args, **kwargs)
             ^^^^^^^^^^^^^^^^^^
  File "/home/runhui/miniconda3/envs/skin/lib/python3.12/site-packages/torch/distributed/elastic/agent/server/api.py", line 733, in run
    result = self._invoke_run(role)
             ^^^^^^^^^^^^^^^^^^^^^^
  File "/home/runhui/miniconda3/envs/skin/lib/python3.12/site-packages/torch/distributed/elastic/agent/server/api.py", line 876, in _invoke_run
    time.sleep(monitor_interval)
  File "/home/runhui/miniconda3/envs/skin/lib/python3.12/site-packages/torch/distributed/elastic/multiprocessing/api.py", line 76, in _terminate_process_handler
    raise SignalException(f"Process {os.getpid()} got signal: {sigval}", sigval=sigval)
torch.distributed.elastic.multiprocessing.api.SignalException: Process 91405 got signal: 2
