W0903 14:19:06.559000 140404617705280 torch/distributed/run.py:757] 
W0903 14:19:06.559000 140404617705280 torch/distributed/run.py:757] *****************************************
W0903 14:19:06.559000 140404617705280 torch/distributed/run.py:757] Setting OMP_NUM_THREADS environment variable for each process to be 1 in default, to avoid your system being overloaded, please further tune the variable for optimal performance in your application as needed. 
W0903 14:19:06.559000 140404617705280 torch/distributed/run.py:757] *****************************************
W0903 14:19:09.079000 140404617705280 torch/distributed/elastic/agent/server/api.py:741] Received 2 death signal, shutting down workers
W0903 14:19:09.080000 140404617705280 torch/distributed/elastic/multiprocessing/api.py:851] Sending process 243151 closing signal SIGINT
W0903 14:19:09.080000 140404617705280 torch/distributed/elastic/multiprocessing/api.py:851] Sending process 243152 closing signal SIGINT
W0903 14:19:09.080000 140404617705280 torch/distributed/elastic/multiprocessing/api.py:851] Sending process 243153 closing signal SIGINT
W0903 14:19:09.080000 140404617705280 torch/distributed/elastic/multiprocessing/api.py:851] Sending process 243154 closing signal SIGINT
W0903 14:19:09.080000 140404617705280 torch/distributed/elastic/multiprocessing/api.py:851] Sending process 243155 closing signal SIGINT
Traceback (most recent call last):
  File "/home/runhui/2024_Skin_Cancer_Detection/models/efficientnet_follow_example_multi.py", line 5, in <module>
W0903 14:19:09.080000 140404617705280 torch/distributed/elastic/multiprocessing/api.py:851] Sending process 243156 closing signal SIGINT
W0903 14:19:09.080000 140404617705280 torch/distributed/elastic/multiprocessing/api.py:851] Sending process 243157 closing signal SIGINT
    from torchvision import datasets, transforms
W0903 14:19:09.080000 140404617705280 torch/distributed/elastic/multiprocessing/api.py:851] Sending process 243158 closing signal SIGINT
  File "/home/runhui/miniconda3/envs/skin/lib/python3.12/site-packages/torchvision/__init__.py", line 6, in <module>
    from torchvision import _meta_registrations, datasets, io, models, ops, transforms, utils
  File "/home/runhui/miniconda3/envs/skin/lib/python3.12/site-packages/torchvision/models/__init__.py", line 2, in <module>
Traceback (most recent call last):
    from .convnext import *
  File "/home/runhui/2024_Skin_Cancer_Detection/models/efficientnet_follow_example_multi.py", line 5, in <module>
  File "/home/runhui/miniconda3/envs/skin/lib/python3.12/site-packages/torchvision/models/convnext.py", line 8, in <module>
    from ..ops.misc import Conv2dNormActivation, Permute
  File "/home/runhui/miniconda3/envs/skin/lib/python3.12/site-packages/torchvision/ops/__init__.py", line 23, in <module>
Traceback (most recent call last):
  File "/home/runhui/2024_Skin_Cancer_Detection/models/efficientnet_follow_example_multi.py", line 5, in <module>
    from torchvision import datasets, transforms
  File "/home/runhui/miniconda3/envs/skin/lib/python3.12/site-packages/torchvision/__init__.py", line 6, in <module>
    from .poolers import MultiScaleRoIAlign
      File "/home/runhui/miniconda3/envs/skin/lib/python3.12/site-packages/torchvision/ops/poolers.py", line 10, in <module>
from torchvision import _meta_registrations, datasets, io, models, ops, transforms, utils
    from torchvision import datasets, transforms
Traceback (most recent call last):
  File "/home/runhui/miniconda3/envs/skin/lib/python3.12/site-packages/torchvision/models/__init__.py", line 2, in <module>
  File "/home/runhui/2024_Skin_Cancer_Detection/models/efficientnet_follow_example_multi.py", line 5, in <module>
  File "/home/runhui/miniconda3/envs/skin/lib/python3.12/site-packages/torchvision/__init__.py", line 6, in <module>
    from .convnext import *
    from torchvision import _meta_registrations, datasets, io, models, ops, transforms, utils
  File "/home/runhui/miniconda3/envs/skin/lib/python3.12/site-packages/torchvision/models/convnext.py", line 8, in <module>
    from torchvision import datasets, transforms
  File "/home/runhui/miniconda3/envs/skin/lib/python3.12/site-packages/torchvision/models/__init__.py", line 2, in <module>
  File "/home/runhui/miniconda3/envs/skin/lib/python3.12/site-packages/torchvision/__init__.py", line 6, in <module>
    from ..ops.misc import Conv2dNormActivation, Permute
    from .roi_align import roi_align    
from .convnext import *  File "/home/runhui/miniconda3/envs/skin/lib/python3.12/site-packages/torchvision/ops/__init__.py", line 23, in <module>

    from torchvision import _meta_registrations, datasets, io, models, ops, transforms, utils
  File "/home/runhui/miniconda3/envs/skin/lib/python3.12/site-packages/torchvision/ops/roi_align.py", line 4, in <module>
  File "/home/runhui/miniconda3/envs/skin/lib/python3.12/site-packages/torchvision/models/convnext.py", line 8, in <module>
  File "/home/runhui/miniconda3/envs/skin/lib/python3.12/site-packages/torchvision/models/__init__.py", line 2, in <module>
    from .poolers import MultiScaleRoIAlign
    from .convnext import *    
from ..ops.misc import Conv2dNormActivation, Permute
  File "/home/runhui/miniconda3/envs/skin/lib/python3.12/site-packages/torchvision/ops/poolers.py", line 10, in <module>
  File "/home/runhui/miniconda3/envs/skin/lib/python3.12/site-packages/torchvision/models/convnext.py", line 8, in <module>
Traceback (most recent call last):
  File "/home/runhui/miniconda3/envs/skin/lib/python3.12/site-packages/torchvision/ops/__init__.py", line 23, in <module>
      File "/home/runhui/2024_Skin_Cancer_Detection/models/efficientnet_follow_example_multi.py", line 5, in <module>
from ..ops.misc import Conv2dNormActivation, Permute
    from .roi_align import roi_align
  File "/home/runhui/miniconda3/envs/skin/lib/python3.12/site-packages/torchvision/ops/__init__.py", line 23, in <module>
    from .poolers import MultiScaleRoIAlign  File "/home/runhui/miniconda3/envs/skin/lib/python3.12/site-packages/torchvision/ops/roi_align.py", line 4, in <module>

    from .poolers import MultiScaleRoIAlign
  File "/home/runhui/miniconda3/envs/skin/lib/python3.12/site-packages/torchvision/ops/poolers.py", line 10, in <module>
    import torch._dynamo  File "/home/runhui/miniconda3/envs/skin/lib/python3.12/site-packages/torchvision/ops/poolers.py", line 10, in <module>

    import torch._dynamo  File "/home/runhui/miniconda3/envs/skin/lib/python3.12/site-packages/torch/_dynamo/__init__.py", line 2, in <module>

    from .roi_align import roi_align    
from .roi_align import roi_align  File "/home/runhui/miniconda3/envs/skin/lib/python3.12/site-packages/torch/_dynamo/__init__.py", line 2, in <module>

      File "/home/runhui/miniconda3/envs/skin/lib/python3.12/site-packages/torchvision/ops/roi_align.py", line 4, in <module>
from . import convert_frame, eval_frame, resume_execution    
from torchvision import datasets, transforms  File "/home/runhui/miniconda3/envs/skin/lib/python3.12/site-packages/torchvision/ops/roi_align.py", line 4, in <module>

      File "/home/runhui/miniconda3/envs/skin/lib/python3.12/site-packages/torch/_dynamo/convert_frame.py", line 40, in <module>
import torch._dynamo
    from . import convert_frame, eval_frame, resume_execution
  File "/home/runhui/miniconda3/envs/skin/lib/python3.12/site-packages/torch/_dynamo/__init__.py", line 2, in <module>
      File "/home/runhui/miniconda3/envs/skin/lib/python3.12/site-packages/torchvision/__init__.py", line 6, in <module>
Traceback (most recent call last):
import torch._dynamo  File "/home/runhui/miniconda3/envs/skin/lib/python3.12/site-packages/torch/_dynamo/convert_frame.py", line 40, in <module>
  File "/home/runhui/2024_Skin_Cancer_Detection/models/efficientnet_follow_example_multi.py", line 5, in <module>

    Traceback (most recent call last):
from . import convert_frame, eval_frame, resume_execution
  File "/home/runhui/miniconda3/envs/skin/lib/python3.12/site-packages/torch/_dynamo/__init__.py", line 2, in <module>
  File "/home/runhui/2024_Skin_Cancer_Detection/models/efficientnet_follow_example_multi.py", line 5, in <module>
  File "/home/runhui/miniconda3/envs/skin/lib/python3.12/site-packages/torch/_dynamo/convert_frame.py", line 40, in <module>
    from torchvision import _meta_registrations, datasets, io, models, ops, transforms, utils
    from . import convert_frame, eval_frame, resume_execution
  File "/home/runhui/miniconda3/envs/skin/lib/python3.12/site-packages/torchvision/models/__init__.py", line 2, in <module>
  File "/home/runhui/miniconda3/envs/skin/lib/python3.12/site-packages/torch/_dynamo/convert_frame.py", line 40, in <module>
    from torchvision import datasets, transforms    
from . import config, exc, trace_rules    
from . import config, exc, trace_rules    
from . import config, exc, trace_rules  File "/home/runhui/miniconda3/envs/skin/lib/python3.12/site-packages/torchvision/__init__.py", line 6, in <module>
    
KeyboardInterruptfrom torchvision import datasets, transforms        from . import config, exc, trace_rules
from .convnext import *
  File "/home/runhui/miniconda3/envs/skin/lib/python3.12/site-packages/torch/_dynamo/trace_rules.py", line 50, in <module>

  File "/home/runhui/miniconda3/envs/skin/lib/python3.12/site-packages/torch/_dynamo/exc.py", line 11, in <module>

      File "/home/runhui/miniconda3/envs/skin/lib/python3.12/site-packages/torchvision/__init__.py", line 6, in <module>
from torchvision import _meta_registrations, datasets, io, models, ops, transforms, utils
  File "/home/runhui/miniconda3/envs/skin/lib/python3.12/site-packages/torch/_dynamo/trace_rules.py", line 50, in <module>
  File "/home/runhui/miniconda3/envs/skin/lib/python3.12/site-packages/torchvision/models/convnext.py", line 8, in <module>
  File "/home/runhui/miniconda3/envs/skin/lib/python3.12/site-packages/torchvision/models/__init__.py", line 2, in <module>
    from .variables import (    
from torchvision import _meta_registrations, datasets, io, models, ops, transforms, utils        
from .variables import (from .convnext import *  File "/home/runhui/miniconda3/envs/skin/lib/python3.12/site-packages/torch/_dynamo/variables/__init__.py", line 3, in <module>


    from ..ops.misc import Conv2dNormActivation, Permute  File "/home/runhui/miniconda3/envs/skin/lib/python3.12/site-packages/torchvision/models/__init__.py", line 2, in <module>
  File "/home/runhui/miniconda3/envs/skin/lib/python3.12/site-packages/torch/_dynamo/variables/__init__.py", line 4, in <module>

  File "/home/runhui/miniconda3/envs/skin/lib/python3.12/site-packages/torchvision/models/convnext.py", line 8, in <module>
  File "/home/runhui/miniconda3/envs/skin/lib/python3.12/site-packages/torchvision/ops/__init__.py", line 23, in <module>
        from .convnext import *from ..ops.misc import Conv2dNormActivation, Permute

  File "/home/runhui/miniconda3/envs/skin/lib/python3.12/site-packages/torchvision/models/convnext.py", line 8, in <module>
  File "/home/runhui/miniconda3/envs/skin/lib/python3.12/site-packages/torchvision/ops/__init__.py", line 23, in <module>
    from .poolers import MultiScaleRoIAlign    
    from .utils import countersfrom .poolers import MultiScaleRoIAlign
    
from .builtin import BuiltinVariable          File "/home/runhui/miniconda3/envs/skin/lib/python3.12/site-packages/torchvision/ops/poolers.py", line 10, in <module>

from ..ops.misc import Conv2dNormActivation, Permutefrom .base import VariableTracker  File "/home/runhui/miniconda3/envs/skin/lib/python3.12/site-packages/torch/_dynamo/utils.py", line 62, in <module>

  File "/home/runhui/miniconda3/envs/skin/lib/python3.12/site-packages/torchvision/ops/poolers.py", line 10, in <module>

  File "/home/runhui/miniconda3/envs/skin/lib/python3.12/site-packages/torch/_dynamo/variables/builtin.py", line 42, in <module>
  File "/home/runhui/miniconda3/envs/skin/lib/python3.12/site-packages/torchvision/ops/__init__.py", line 23, in <module>
      File "/home/runhui/miniconda3/envs/skin/lib/python3.12/site-packages/torch/_dynamo/variables/base.py", line 10, in <module>
import torch._numpy as tnp    
from .roi_align import roi_align
      File "/home/runhui/miniconda3/envs/skin/lib/python3.12/site-packages/torch/_numpy/__init__.py", line 7, in <module>
from .roi_align import roi_align
      File "/home/runhui/miniconda3/envs/skin/lib/python3.12/site-packages/torchvision/ops/roi_align.py", line 4, in <module>
from .poolers import MultiScaleRoIAlign
  File "/home/runhui/miniconda3/envs/skin/lib/python3.12/site-packages/torchvision/ops/roi_align.py", line 4, in <module>
  File "/home/runhui/miniconda3/envs/skin/lib/python3.12/site-packages/torchvision/ops/poolers.py", line 10, in <module>
        import torch._dynamoimport torch._dynamo

    from .roi_align import roi_align
  File "/home/runhui/miniconda3/envs/skin/lib/python3.12/site-packages/torch/_dynamo/__init__.py", line 2, in <module>
  File "/home/runhui/miniconda3/envs/skin/lib/python3.12/site-packages/torch/_dynamo/__init__.py", line 2, in <module>
  File "/home/runhui/miniconda3/envs/skin/lib/python3.12/site-packages/torchvision/ops/roi_align.py", line 4, in <module>
    from ._ndarray import (
    from ..source import AttrSource, Source  File "/home/runhui/miniconda3/envs/skin/lib/python3.12/site-packages/torch/_numpy/_ndarray.py", line 12, in <module>

    from . import convert_frame, eval_frame, resume_execution        
from . import convert_frame, eval_frame, resume_executionimport torch._dynamo
  File "/home/runhui/miniconda3/envs/skin/lib/python3.12/site-packages/torch/_dynamo/source.py", line 286, in <module>

  File "/home/runhui/miniconda3/envs/skin/lib/python3.12/site-packages/torch/_dynamo/convert_frame.py", line 40, in <module>
Traceback (most recent call last):
  File "/home/runhui/miniconda3/envs/skin/lib/python3.12/site-packages/torch/_dynamo/convert_frame.py", line 31, in <module>
  File "/home/runhui/miniconda3/envs/skin/lib/python3.12/site-packages/torch/_dynamo/__init__.py", line 64, in <module>
      File "/home/runhui/2024_Skin_Cancer_Detection/models/efficientnet_follow_example_multi.py", line 5, in <module>
from . import config, exc, trace_rules
    from .ctx_manager import EventVariable, StreamVariable
  File "/home/runhui/miniconda3/envs/skin/lib/python3.12/site-packages/torch/_dynamo/trace_rules.py", line 50, in <module>
    from torch.fx.experimental.symbolic_shapes import (  File "/home/runhui/miniconda3/envs/skin/lib/python3.12/site-packages/torch/_dynamo/variables/ctx_manager.py", line 12, in <module>
    
torch.manual_seed = disable(torch.manual_seed)
  File "/home/runhui/miniconda3/envs/skin/lib/python3.12/site-packages/torch/fx/experimental/symbolic_shapes.py", line 63, in <module>
    from .variables import (
  File "/home/runhui/miniconda3/envs/skin/lib/python3.12/site-packages/torch/_dynamo/variables/__init__.py", line 3, in <module>
        from . import _dtypes, _dtypes_impl, _funcs, _ufuncs, _util 
      from .base import VariableTracker 
      File "/home/runhui/miniconda3/envs/skin/lib/python3.12/site-packages/torch/_dynamo/variables/base.py", line 10, in <module>
  File "/home/runhui/miniconda3/envs/skin/lib/python3.12/site-packages/torch/_numpy/_ufuncs.py", line 331, in <module>
         from torchvision import datasets, transforms     
 from ..source import AttrSource, Source 
    ^^  File "/home/runhui/miniconda3/envs/skin/lib/python3.12/site-packages/torch/_dynamo/source.py", line 271, in <module>
^^    ^  File "/home/runhui/miniconda3/envs/skin/lib/python3.12/site-packages/torchvision/__init__.py", line 6, in <module>
@dataclasses.dataclass(frozen=True)^
^^^^^^^^^^^^^^^^^^ ^ ^     
        from torchvision import _meta_registrations, datasets, io, models, ops, transforms, utils from ..device_interface import get_interface_for_device@dataclasses.dataclass(frozen=True)
   File "/home/runhui/miniconda3/envs/skin/lib/python3.12/site-packages/torch/_dynamo/decorators.py", line 50, in disable


^^^^      File "/home/runhui/miniconda3/envs/skin/lib/python3.12/site-packages/torchvision/models/__init__.py", line 2, in <module>
^vars()[name] = deco_unary_ufunc(ufunc)^
  File "/home/runhui/miniconda3/envs/skin/lib/python3.12/site-packages/torch/_dynamo/device_interface.py", line 198, in <module>
^     ^ return DisableContext()(fn)^  
^      ^ from .convnext import * ^ 
^ ^ ^ ^ ^ ^   File "/home/runhui/miniconda3/envs/skin/lib/python3.12/site-packages/torchvision/models/convnext.py", line 8, in <module>
^ ^ ^ ^ ^ ^ ^ ^ ^     ^ ^     from torch.utils._sympy.functions import FloorDiv, Mod, IsNonOverlappingAndDenseIndicator^ ^ from ..ops.misc import Conv2dNormActivation, Permute

^ ^ ^     ^^^for i in range(torch.cuda.device_count()): ^  File "/home/runhui/miniconda3/envs/skin/lib/python3.12/site-packages/torchvision/ops/__init__.py", line 23, in <module>
^^
 ^^  File "/home/runhui/miniconda3/envs/skin/lib/python3.12/site-packages/torch/utils/_sympy/functions.py", line 1, in <module>
^ ^^^ ^^     ^^^^ from .poolers import MultiScaleRoIAlign^^^^ 
^^^^ ^^^^ ^^^^  File "/home/runhui/miniconda3/envs/skin/lib/python3.12/site-packages/torchvision/ops/poolers.py", line 10, in <module>
 ^^^^ ^^^^ 
^^^ ^  File "/home/runhui/miniconda3/envs/skin/lib/python3.12/dataclasses.py", line 1265, in wrap
^^     ^^^ from .roi_align import roi_align^^^ 
^^^ ^^^ ^^^  File "/home/runhui/miniconda3/envs/skin/lib/python3.12/site-packages/torchvision/ops/roi_align.py", line 4, in <module>
 ^^^ ^^
 ^^ ^^  File "/home/runhui/miniconda3/envs/skin/lib/python3.12/site-packages/torch/_dynamo/eval_frame.py", line 410, in __call__
     ^
^import torch._dynamo^^
^  File "/home/runhui/miniconda3/envs/skin/lib/python3.12/dataclasses.py", line 1265, in wrap
^^^^  File "/home/runhui/miniconda3/envs/skin/lib/python3.12/site-packages/torch/_dynamo/__init__.py", line 2, in <module>
^
^^  File "/home/runhui/miniconda3/envs/skin/lib/python3.12/site-packages/torch/_numpy/_ufuncs.py", line 296, in deco_unary_ufunc
^^^^^^^    ^from . import convert_frame, eval_frame, resume_execution^    
^(filename is None or trace_rules.check(fn))^
^    ^@normalizer^  File "/home/runhui/miniconda3/envs/skin/lib/python3.12/site-packages/torch/_dynamo/convert_frame.py", line 40, in <module>

^ ^ ^   ^      
  import sympy  
       File "/home/runhui/miniconda3/envs/skin/lib/python3.12/site-packages/torch/cuda/__init__.py", line 748, in device_count
 from . import config, exc, trace_rules^ 
^ ^ ^  File "/home/runhui/miniconda3/envs/skin/lib/python3.12/site-packages/sympy/__init__.py", line 257, in <module>
 ^  File "/home/runhui/miniconda3/envs/skin/lib/python3.12/site-packages/torch/_dynamo/exc.py", line 11, in <module>
 ^ ^ ^ ^ ^ 
         File "/home/runhui/miniconda3/envs/skin/lib/python3.12/site-packages/torch/_numpy/_normalizations.py", line 258, in normalizer
from .utils import counters 
   ^^^  File "/home/runhui/miniconda3/envs/skin/lib/python3.12/site-packages/torch/_dynamo/utils.py", line 73, in <module>
^^^^^^^^^^^^^^^^^^
    np.random,  File "/home/runhui/miniconda3/envs/skin/lib/python3.12/site-packages/torch/_dynamo/trace_rules.py", line 3378, in check

    nvml_count = -1 if torch.version.hip else _device_count_nvml()
    ^     ^return _process_class(cls, init, repr, eq, order, unsafe_hash,  ^
     ^return _process_class(cls, init, repr, eq, order, unsafe_hash, ^ 
 ^          ^   from .plotting import plot, textplot, plot_backends, plot_implicit, plot_parametricreturn normalizer_inner(_func)^   

^   
          File "/home/runhui/miniconda3/envs/skin/lib/python3.12/site-packages/sympy/plotting/__init__.py", line 1, in <module>
    File "/home/runhui/miniconda3/envs/skin/lib/python3.12/site-packages/numpy/__init__.py", line 337, in __getattr__
             ^   ^   ^^  ^^  ^^  ^^  ^^^ ^^^ ^^^ ^^^ ^^^ ^^^ ^^^ ^^^ ^^^ ^^^ ^^^ ^^^ ^^^ ^    ^^ ^return check_verbose(obj, is_inlined_call).skipped^^ ^
^^ ^^^ ^^^ ^ ^^ ^      ^^ ^ import numpy.random as random^^ ^ 
^^ ^ ^^ ^ ^
 ^   File "/home/runhui/miniconda3/envs/skin/lib/python3.12/site-packages/numpy/random/__init__.py", line 180, in <module>
^^^ ^  File "/home/runhui/miniconda3/envs/skin/lib/python3.12/site-packages/torch/_numpy/_normalizations.py", line 204, in normalizer_inner
^^ ^^^ ^^^^^^^^^^^^^^^^^^    ^^^^@functools.wraps(func)^^^    ^
^^^from .plot import plot_backends^^^^
^^^ ^^^^ ^^^^  File "/home/runhui/miniconda3/envs/skin/lib/python3.12/site-packages/sympy/plotting/plot.py", line 32, in <module>
 ^^^^ ^^^^ ^^^^^^^^^    ^^^^^from . import _pickle^^^
^
^^^^^^^  File "/home/runhui/miniconda3/envs/skin/lib/python3.12/site-packages/torch/cuda/__init__.py", line 709, in _device_count_nvml
^  File "/home/runhui/miniconda3/envs/skin/lib/python3.12/site-packages/numpy/random/_pickle.py", line 4, in <module>
^^^^^^^^^^^
^^^^^^^  File "/home/runhui/miniconda3/envs/skin/lib/python3.12/dataclasses.py", line 1114, in _process_class
^
^^    ^^from sympy.plotting.backends.base_backend import Plot^^  File "/home/runhui/miniconda3/envs/skin/lib/python3.12/dataclasses.py", line 1114, in _process_class

^^^^^^    ^^  File "/home/runhui/miniconda3/envs/skin/lib/python3.12/site-packages/sympy/plotting/backends/base_backend.py", line 1, in <module>
from .mtrand import RandomState^^    
^^raw_cnt = _raw_device_count_nvml()^^

  File "numpy/random/mtrand.pyx", line 1, in init numpy.random.mtrand
^
  File "/home/runhui/miniconda3/envs/skin/lib/python3.12/functools.py", line 56, in update_wrapper
    File "/home/runhui/miniconda3/envs/skin/lib/python3.12/site-packages/torch/_dynamo/trace_rules.py", line 3361, in check_verbose
            ^^^^^^^^^^^^^^^  File "<frozen importlib._bootstrap>", line 1349, in _find_and_load
^^KeyboardInterrupt^    ^for fn in _frozen_get_del_attr(cls, field_list, globals):
^    
^for fn in _frozen_get_del_attr(cls, field_list, globals):^
^^
  File "/home/runhui/miniconda3/envs/skin/lib/python3.12/site-packages/torch/cuda/__init__.py", line 617, in _raw_device_count_nvml
                      ^     ^ from sympy.plotting.series import BaseSeries, GenericDataSeries^ 
^     ^ setattr(wrapper, attr, value)^ 
  File "<frozen importlib._bootstrap>", line 1360, in _find_and_load
^^    ^^rc = nvml_h.nvmlInit()  File "<frozen importlib._bootstrap>", line 1331, in _find_and_load_unlocked
^^
^  File "<frozen importlib._bootstrap>", line 935, in _load_unlocked
^^^  File "<frozen importlib._bootstrap_external>", line 991, in exec_module
KeyboardInterrupt^^^ ^
  File "<frozen importlib._bootstrap_external>", line 1124, in get_code
^ ^^ ^  File "<frozen importlib._bootstrap_external>", line 755, in _compile_bytecode
^ ^^ ^  File "<frozen importlib._bootstrap>", line 491, in _verbose_message
^ ^^ ^KeyboardInterrupt^     ^^ rule = torch._dynamo.trace_rules.lookup_inner(^
^^
^^^^^^ ^^^ ^^^ ^^^ ^^^ ^^^ ^^^ ^^^ ^^^ ^^^ ^^^ ^^^^^^^^^^^^^^^^^^
^^^^^^KeyboardInterrupt^^^^^^
^^^^^^^^^^
^^^^^  File "/home/runhui/miniconda3/envs/skin/lib/python3.12/dataclasses.py", line 651, in _frozen_get_del_attr
^^^^^^^^^^
^^^^  File "/home/runhui/miniconda3/envs/skin/lib/python3.12/dataclasses.py", line 644, in _frozen_get_del_attr
^^^^^^^^^^^^^^^
  File "/home/runhui/miniconda3/envs/skin/lib/python3.12/site-packages/torch/_dynamo/trace_rules.py", line 3442, in lookup_inner
    _create_fn('__delattr__',
  File "/home/runhui/miniconda3/envs/skin/lib/python3.12/dataclasses.py", line 473, in _create_fn
    return (_create_fn('__setattr__',
    exec(txt, globals, ns) 
          File "<string>", line 0, in <module>
  KeyboardInterrupt ^
^^^^^^^^^^^^^^^^^^^^^^^^
  File "/home/runhui/miniconda3/envs/skin/lib/python3.12/dataclasses.py", line 473, in _create_fn
    rule = get_torch_obj_rule_map().get(obj, None)
     exec(txt, globals, ns) 
         ^^^^^^^^  File "<string>", line 0, in <module>
^^^KeyboardInterrupt^^
^^^^^^^^^^^
  File "/home/runhui/miniconda3/envs/skin/lib/python3.12/site-packages/torch/_dynamo/trace_rules.py", line 2782, in get_torch_obj_rule_map
    obj = load_object(k)
          ^^^^^^^^^^^^^^
  File "/home/runhui/miniconda3/envs/skin/lib/python3.12/site-packages/torch/_dynamo/trace_rules.py", line 2807, in load_object
    obj = _load_obj_from_str(x[0])
          ^^^^^^^^^^^^^^^^^^^^^^^^
  File "/home/runhui/miniconda3/envs/skin/lib/python3.12/site-packages/torch/_dynamo/trace_rules.py", line 2795, in _load_obj_from_str
    return getattr(importlib.import_module(module), obj_name)
                   ^^^^^^^^^^^^^^^^^^^^^^^^^^^^^^^
  File "/home/runhui/miniconda3/envs/skin/lib/python3.12/importlib/__init__.py", line 90, in import_module
    return _bootstrap._gcd_import(name[level:], package, level)
           ^^^^^^^^^^^^^^^^^^^^^^^^^^^^^^^^^^^^^^^^^^^^^^^^^^^^
  File "/home/runhui/miniconda3/envs/skin/lib/python3.12/site-packages/torch/distributed/_tensor/__init__.py", line 6, in <module>
    import torch.distributed._tensor.ops
  File "/home/runhui/miniconda3/envs/skin/lib/python3.12/site-packages/torch/distributed/_tensor/ops/__init__.py", line 2, in <module>
    from .embedding_ops import *  # noqa: F403
    ^^^^^^^^^^^^^^^^^^^^^^^^^^^^
  File "/home/runhui/miniconda3/envs/skin/lib/python3.12/site-packages/torch/distributed/_tensor/ops/embedding_ops.py", line 8, in <module>
    import torch.distributed._functional_collectives as funcol
  File "/home/runhui/miniconda3/envs/skin/lib/python3.12/site-packages/torch/distributed/_functional_collectives.py", line 920, in <module>
    _register_ops()
  File "/home/runhui/miniconda3/envs/skin/lib/python3.12/site-packages/torch/distributed/_functional_collectives.py", line 911, in _register_ops
    impl_abstract(f"c10d_functional::{op_name}")(meta_impl)
    ^^^^^^^^^^^^^^^^^^^^^^^^^^^^^^^^^^^^^^^^^^^^
  File "/home/runhui/miniconda3/envs/skin/lib/python3.12/site-packages/torch/_custom_ops.py", line 253, in impl_abstract
    return torch.library.impl_abstract(qualname, func, _stacklevel=2)
           ^^^^^^^^^^^^^^^^^^^^^^^^^^^^^^^^^^^^^^^^^^^^^^^^^^^^^^^^^^
  File "/home/runhui/miniconda3/envs/skin/lib/python3.12/site-packages/torch/library.py", line 448, in impl_abstract
    source = torch._library.utils.get_source(_stacklevel + 1)
             ^^^^^^^^^^^^^^^^^^^^^^^^^^^^^^^^^^^^^^^^^^^^^^^^
  File "/home/runhui/miniconda3/envs/skin/lib/python3.12/site-packages/torch/_library/utils.py", line 39, in get_source
    frame = inspect.getframeinfo(sys._getframe(stacklevel))
            ^^^^^^^^^^^^^^^^^^^^^^^^^^^^^^^^^^^^^^^^^^^^^^^
  File "/home/runhui/miniconda3/envs/skin/lib/python3.12/inspect.py", line 1708, in getframeinfo
    lines, lnum = findsource(frame)
                  ^^^^^^^^^^^^^^^^^
  File "/home/runhui/miniconda3/envs/skin/lib/python3.12/inspect.py", line 1084, in findsource
    module = getmodule(object, file)
             ^^^^^^^^^^^^^^^^^^^^^^^
  File "/home/runhui/miniconda3/envs/skin/lib/python3.12/inspect.py", line 1010, in getmodule
    os.path.realpath(f)] = module.__name__
    ^^^^^^^^^^^^^^^^^^^
  File "<frozen posixpath>", line 427, in realpath
  File "<frozen posixpath>", line 462, in _joinrealpath
KeyboardInterrupt
Traceback (most recent call last):
  File "/home/runhui/miniconda3/envs/skin/bin/torchrun", line 8, in <module>
    sys.exit(main())
             ^^^^^^
  File "/home/runhui/miniconda3/envs/skin/lib/python3.12/site-packages/torch/distributed/elastic/multiprocessing/errors/__init__.py", line 347, in wrapper
    return f(*args, **kwargs)
           ^^^^^^^^^^^^^^^^^^
  File "/home/runhui/miniconda3/envs/skin/lib/python3.12/site-packages/torch/distributed/run.py", line 879, in main
    run(args)
  File "/home/runhui/miniconda3/envs/skin/lib/python3.12/site-packages/torch/distributed/run.py", line 870, in run
    elastic_launch(
  File "/home/runhui/miniconda3/envs/skin/lib/python3.12/site-packages/torch/distributed/launcher/api.py", line 132, in __call__
    return launch_agent(self._config, self._entrypoint, list(args))
           ^^^^^^^^^^^^^^^^^^^^^^^^^^^^^^^^^^^^^^^^^^^^^^^^^^^^^^^^
  File "/home/runhui/miniconda3/envs/skin/lib/python3.12/site-packages/torch/distributed/launcher/api.py", line 254, in launch_agent
    result = agent.run()
             ^^^^^^^^^^^
  File "/home/runhui/miniconda3/envs/skin/lib/python3.12/site-packages/torch/distributed/elastic/metrics/api.py", line 123, in wrapper
    result = f(*args, **kwargs)
             ^^^^^^^^^^^^^^^^^^
  File "/home/runhui/miniconda3/envs/skin/lib/python3.12/site-packages/torch/distributed/elastic/agent/server/api.py", line 733, in run
    result = self._invoke_run(role)
             ^^^^^^^^^^^^^^^^^^^^^^
  File "/home/runhui/miniconda3/envs/skin/lib/python3.12/site-packages/torch/distributed/elastic/agent/server/api.py", line 876, in _invoke_run
    time.sleep(monitor_interval)
  File "/home/runhui/miniconda3/envs/skin/lib/python3.12/site-packages/torch/distributed/elastic/multiprocessing/api.py", line 76, in _terminate_process_handler
    raise SignalException(f"Process {os.getpid()} got signal: {sigval}", sigval=sigval)
torch.distributed.elastic.multiprocessing.api.SignalException: Process 243074 got signal: 2
